{"/Users/gouravkumar/Documents/projects/jestTest/src/app/doubles/Utils.ts": {"path":"/Users/gouravkumar/Documents/projects/jestTest/src/app/doubles/Utils.ts","statementMap":{"0":{"start":{"line":10,"column":2},"end":{"line":10,"column":70}},"1":{"start":{"line":9,"column":0},"end":{"line":9,"column":16}}},"fnMap":{"0":{"name":"calculateComplexity","decl":{"start":{"line":9,"column":16},"end":{"line":9,"column":35}},"loc":{"start":{"line":9,"column":58},"end":{"line":11,"column":1}}}},"branchMap":{},"s":{"0":1,"1":1},"f":{"0":1},"b":{}}
}
