TN:
SF:src/app/pass_checker/PasswordChecker.ts
FN:1,(anonymous_0)
FN:13,(anonymous_1)
FN:26,(anonymous_2)
FN:37,(anonymous_3)
FN:40,(anonymous_4)
FN:45,(anonymous_5)
FN:50,(anonymous_6)
FNF:7
FNH:7
FNDA:1,(anonymous_0)
FNDA:8,(anonymous_1)
FNDA:2,(anonymous_2)
FNDA:8,(anonymous_3)
FNDA:8,(anonymous_4)
FNDA:8,(anonymous_5)
FNDA:2,(anonymous_6)
DA:1,1
DA:2,1
DA:3,1
DA:4,1
DA:5,1
DA:12,1
DA:14,8
DA:16,8
DA:17,8
DA:18,8
DA:20,8
DA:27,2
DA:29,2
DA:31,2
DA:38,8
DA:41,8
DA:42,2
DA:46,8
DA:47,2
DA:51,2
DA:52,2
DA:53,1
LF:22
LH:22
BRDA:1,0,0,1
BRDA:1,0,1,1
BRDA:21,1,0,3
BRDA:21,1,1,5
BRDA:32,2,0,1
BRDA:32,2,1,1
BRDA:38,3,0,1
BRDA:41,4,0,2
BRDA:46,5,0,2
BRDA:52,6,0,1
BRF:10
BRH:10
end_of_record
